[2021-04-26T14:36:23.611] [ERROR] index - C:\Users\TungNT2K\Desktop\MONSTER\base-colyseus-server\src\entity\index.ts:1
export * from "./PlayerPvp";
^^^^^^

SyntaxError: Unexpected token 'export'
    at wrapSafe (internal/modules/cjs/loader.js:979:16)
    at Module._compile (internal/modules/cjs/loader.js:1027:27)
    at Object.Module._extensions..js (internal/modules/cjs/loader.js:1092:10)
    at Module.load (internal/modules/cjs/loader.js:928:32)
    at Function.Module._load (internal/modules/cjs/loader.js:769:14)
    at Module.require (internal/modules/cjs/loader.js:952:19)
    at require (internal/modules/cjs/helpers.js:88:18)
    at C:\Users\TungNT2K\Desktop\MONSTER\base-colyseus-server\node_modules\typeorm\util\DirectoryExportedClassesLoader.js:42:39
    at Array.map (<anonymous>)
    at Object.importClassesFromDirectories (C:\Users\TungNT2K\Desktop\MONSTER\base-colyseus-server\node_modules\typeorm\util\DirectoryExportedClassesLoader.js:42:10)
[2021-04-26T14:36:38.136] [ERROR] index - C:\Users\TungNT2K\Desktop\MONSTER\base-colyseus-server\src\entity\index.ts:1
export * from "./PlayerPvp";
^^^^^^

SyntaxError: Unexpected token 'export'
    at wrapSafe (internal/modules/cjs/loader.js:979:16)
    at Module._compile (internal/modules/cjs/loader.js:1027:27)
    at Object.Module._extensions..js (internal/modules/cjs/loader.js:1092:10)
    at Module.load (internal/modules/cjs/loader.js:928:32)
    at Function.Module._load (internal/modules/cjs/loader.js:769:14)
    at Module.require (internal/modules/cjs/loader.js:952:19)
    at require (internal/modules/cjs/helpers.js:88:18)
    at C:\Users\TungNT2K\Desktop\MONSTER\base-colyseus-server\node_modules\typeorm\util\DirectoryExportedClassesLoader.js:42:39
    at Array.map (<anonymous>)
    at Object.importClassesFromDirectories (C:\Users\TungNT2K\Desktop\MONSTER\base-colyseus-server\node_modules\typeorm\util\DirectoryExportedClassesLoader.js:42:10)
[2021-04-26T14:39:34.533] [ERROR] index - C:\Users\TungNT2K\Desktop\MONSTER\base-colyseus-server\src\entity\index.ts:1
export * from "./PlayerPvp";
^^^^^^

SyntaxError: Unexpected token 'export'
    at wrapSafe (internal/modules/cjs/loader.js:979:16)
    at Module._compile (internal/modules/cjs/loader.js:1027:27)
    at Object.Module._extensions..js (internal/modules/cjs/loader.js:1092:10)
    at Module.load (internal/modules/cjs/loader.js:928:32)
    at Function.Module._load (internal/modules/cjs/loader.js:769:14)
    at Module.require (internal/modules/cjs/loader.js:952:19)
    at require (internal/modules/cjs/helpers.js:88:18)
    at C:\Users\TungNT2K\Desktop\MONSTER\base-colyseus-server\node_modules\typeorm\util\DirectoryExportedClassesLoader.js:42:39
    at Array.map (<anonymous>)
    at Object.importClassesFromDirectories (C:\Users\TungNT2K\Desktop\MONSTER\base-colyseus-server\node_modules\typeorm\util\DirectoryExportedClassesLoader.js:42:10)
[2021-04-26T14:40:44.579] [ERROR] index - C:\Users\TungNT2K\Desktop\MONSTER\base-colyseus-server\src\entity\index.ts:1
export * from "./PlayerPvp";
^^^^^^

SyntaxError: Unexpected token 'export'
    at wrapSafe (internal/modules/cjs/loader.js:979:16)
    at Module._compile (internal/modules/cjs/loader.js:1027:27)
    at Object.Module._extensions..js (internal/modules/cjs/loader.js:1092:10)
    at Module.load (internal/modules/cjs/loader.js:928:32)
    at Function.Module._load (internal/modules/cjs/loader.js:769:14)
    at Module.require (internal/modules/cjs/loader.js:952:19)
    at require (internal/modules/cjs/helpers.js:88:18)
    at C:\Users\TungNT2K\Desktop\MONSTER\base-colyseus-server\node_modules\typeorm\util\DirectoryExportedClassesLoader.js:42:39
    at Array.map (<anonymous>)
    at Object.importClassesFromDirectories (C:\Users\TungNT2K\Desktop\MONSTER\base-colyseus-server\node_modules\typeorm\util\DirectoryExportedClassesLoader.js:42:10)
[2021-04-26T14:41:23.464] [ERROR] index - C:\Users\TungNT2K\Desktop\MONSTER\base-colyseus-server\src\entity\index.ts:1
export * from "./PlayerPvp";
^^^^^^

SyntaxError: Unexpected token 'export'
    at wrapSafe (internal/modules/cjs/loader.js:979:16)
    at Module._compile (internal/modules/cjs/loader.js:1027:27)
    at Object.Module._extensions..js (internal/modules/cjs/loader.js:1092:10)
    at Module.load (internal/modules/cjs/loader.js:928:32)
    at Function.Module._load (internal/modules/cjs/loader.js:769:14)
    at Module.require (internal/modules/cjs/loader.js:952:19)
    at require (internal/modules/cjs/helpers.js:88:18)
    at C:\Users\TungNT2K\Desktop\MONSTER\base-colyseus-server\node_modules\typeorm\util\DirectoryExportedClassesLoader.js:42:39
    at Array.map (<anonymous>)
    at Object.importClassesFromDirectories (C:\Users\TungNT2K\Desktop\MONSTER\base-colyseus-server\node_modules\typeorm\util\DirectoryExportedClassesLoader.js:42:10)
[2021-04-26T14:41:44.540] [ERROR] index - C:\Users\TungNT2K\Desktop\MONSTER\base-colyseus-server\src\entity\index.ts:1
export * from "./PlayerPvp";
^^^^^^

SyntaxError: Unexpected token 'export'
    at wrapSafe (internal/modules/cjs/loader.js:979:16)
    at Module._compile (internal/modules/cjs/loader.js:1027:27)
    at Object.Module._extensions..js (internal/modules/cjs/loader.js:1092:10)
    at Module.load (internal/modules/cjs/loader.js:928:32)
    at Function.Module._load (internal/modules/cjs/loader.js:769:14)
    at Module.require (internal/modules/cjs/loader.js:952:19)
    at require (internal/modules/cjs/helpers.js:88:18)
    at C:\Users\TungNT2K\Desktop\MONSTER\base-colyseus-server\node_modules\typeorm\util\DirectoryExportedClassesLoader.js:42:39
    at Array.map (<anonymous>)
    at Object.importClassesFromDirectories (C:\Users\TungNT2K\Desktop\MONSTER\base-colyseus-server\node_modules\typeorm\util\DirectoryExportedClassesLoader.js:42:10)
[2021-04-26T14:42:05.022] [ERROR] index - C:\Users\TungNT2K\Desktop\MONSTER\base-colyseus-server\src\entity\index.ts:1
export * from "./PlayerPvp";
^^^^^^

SyntaxError: Unexpected token 'export'
    at wrapSafe (internal/modules/cjs/loader.js:979:16)
    at Module._compile (internal/modules/cjs/loader.js:1027:27)
    at Object.Module._extensions..js (internal/modules/cjs/loader.js:1092:10)
    at Module.load (internal/modules/cjs/loader.js:928:32)
    at Function.Module._load (internal/modules/cjs/loader.js:769:14)
    at Module.require (internal/modules/cjs/loader.js:952:19)
    at require (internal/modules/cjs/helpers.js:88:18)
    at C:\Users\TungNT2K\Desktop\MONSTER\base-colyseus-server\node_modules\typeorm\util\DirectoryExportedClassesLoader.js:42:39
    at Array.map (<anonymous>)
    at Object.importClassesFromDirectories (C:\Users\TungNT2K\Desktop\MONSTER\base-colyseus-server\node_modules\typeorm\util\DirectoryExportedClassesLoader.js:42:10)
[2021-04-26T14:43:47.146] [ERROR] index - C:\Users\TungNT2K\Desktop\MONSTER\base-colyseus-server\src\entity\index.ts:1
import { PlayerPvpEntity } from "./PlayerPvp"
^^^^^^

SyntaxError: Cannot use import statement outside a module
    at wrapSafe (internal/modules/cjs/loader.js:979:16)
    at Module._compile (internal/modules/cjs/loader.js:1027:27)
    at Object.Module._extensions..js (internal/modules/cjs/loader.js:1092:10)
    at Module.load (internal/modules/cjs/loader.js:928:32)
    at Function.Module._load (internal/modules/cjs/loader.js:769:14)
    at Module.require (internal/modules/cjs/loader.js:952:19)
    at require (internal/modules/cjs/helpers.js:88:18)
    at C:\Users\TungNT2K\Desktop\MONSTER\base-colyseus-server\node_modules\typeorm\util\DirectoryExportedClassesLoader.js:42:39
    at Array.map (<anonymous>)
    at Object.importClassesFromDirectories (C:\Users\TungNT2K\Desktop\MONSTER\base-colyseus-server\node_modules\typeorm\util\DirectoryExportedClassesLoader.js:42:10)
[2021-04-26T14:47:27.458] [ERROR] index - C:\Users\TungNT2K\Desktop\MONSTER\base-colyseus-server\src\entity\index.ts:1
import { PlayerPvpEntity } from "./PlayerPvp"
^^^^^^

SyntaxError: Cannot use import statement outside a module
    at wrapSafe (internal/modules/cjs/loader.js:979:16)
    at Module._compile (internal/modules/cjs/loader.js:1027:27)
    at Object.Module._extensions..js (internal/modules/cjs/loader.js:1092:10)
    at Module.load (internal/modules/cjs/loader.js:928:32)
    at Function.Module._load (internal/modules/cjs/loader.js:769:14)
    at Module.require (internal/modules/cjs/loader.js:952:19)
    at require (internal/modules/cjs/helpers.js:88:18)
    at C:\Users\TungNT2K\Desktop\MONSTER\base-colyseus-server\node_modules\typeorm\util\DirectoryExportedClassesLoader.js:42:39
    at Array.map (<anonymous>)
    at Object.importClassesFromDirectories (C:\Users\TungNT2K\Desktop\MONSTER\base-colyseus-server\node_modules\typeorm\util\DirectoryExportedClassesLoader.js:42:10)
[2021-04-26T14:48:10.879] [ERROR] index - C:\Users\TungNT2K\Desktop\MONSTER\base-colyseus-server\src\entity\index.ts:1
import { PlayerPvpEntity } from "./PlayerPvp"
^^^^^^

SyntaxError: Cannot use import statement outside a module
    at wrapSafe (internal/modules/cjs/loader.js:979:16)
    at Module._compile (internal/modules/cjs/loader.js:1027:27)
    at Object.Module._extensions..js (internal/modules/cjs/loader.js:1092:10)
    at Module.load (internal/modules/cjs/loader.js:928:32)
    at Function.Module._load (internal/modules/cjs/loader.js:769:14)
    at Module.require (internal/modules/cjs/loader.js:952:19)
    at require (internal/modules/cjs/helpers.js:88:18)
    at C:\Users\TungNT2K\Desktop\MONSTER\base-colyseus-server\node_modules\typeorm\util\DirectoryExportedClassesLoader.js:42:39
    at Array.map (<anonymous>)
    at Object.importClassesFromDirectories (C:\Users\TungNT2K\Desktop\MONSTER\base-colyseus-server\node_modules\typeorm\util\DirectoryExportedClassesLoader.js:42:10)
[2021-04-26T14:48:24.080] [ERROR] index - C:\Users\TungNT2K\Desktop\MONSTER\base-colyseus-server\src\entity\index.ts:1
export * from "./PlayerPvp";
^^^^^^

SyntaxError: Unexpected token 'export'
    at wrapSafe (internal/modules/cjs/loader.js:979:16)
    at Module._compile (internal/modules/cjs/loader.js:1027:27)
    at Object.Module._extensions..js (internal/modules/cjs/loader.js:1092:10)
    at Module.load (internal/modules/cjs/loader.js:928:32)
    at Function.Module._load (internal/modules/cjs/loader.js:769:14)
    at Module.require (internal/modules/cjs/loader.js:952:19)
    at require (internal/modules/cjs/helpers.js:88:18)
    at C:\Users\TungNT2K\Desktop\MONSTER\base-colyseus-server\node_modules\typeorm\util\DirectoryExportedClassesLoader.js:42:39
    at Array.map (<anonymous>)
    at Object.importClassesFromDirectories (C:\Users\TungNT2K\Desktop\MONSTER\base-colyseus-server\node_modules\typeorm\util\DirectoryExportedClassesLoader.js:42:10)
[2021-04-26T14:48:46.769] [ERROR] index - C:\Users\TungNT2K\Desktop\MONSTER\base-colyseus-server\src\entity\index.ts:1
export * from './PlayerPvp';
^^^^^^

SyntaxError: Unexpected token 'export'
    at wrapSafe (internal/modules/cjs/loader.js:979:16)
    at Module._compile (internal/modules/cjs/loader.js:1027:27)
    at Object.Module._extensions..js (internal/modules/cjs/loader.js:1092:10)
    at Module.load (internal/modules/cjs/loader.js:928:32)
    at Function.Module._load (internal/modules/cjs/loader.js:769:14)
    at Module.require (internal/modules/cjs/loader.js:952:19)
    at require (internal/modules/cjs/helpers.js:88:18)
    at C:\Users\TungNT2K\Desktop\MONSTER\base-colyseus-server\node_modules\typeorm\util\DirectoryExportedClassesLoader.js:42:39
    at Array.map (<anonymous>)
    at Object.importClassesFromDirectories (C:\Users\TungNT2K\Desktop\MONSTER\base-colyseus-server\node_modules\typeorm\util\DirectoryExportedClassesLoader.js:42:10)
[2021-04-26T14:48:55.223] [ERROR] index - C:\Users\TungNT2K\Desktop\MONSTER\base-colyseus-server\src\entity\index.ts:1
export * from './PlayerPvp';
^^^^^^

SyntaxError: Unexpected token 'export'
    at wrapSafe (internal/modules/cjs/loader.js:979:16)
    at Module._compile (internal/modules/cjs/loader.js:1027:27)
    at Object.Module._extensions..js (internal/modules/cjs/loader.js:1092:10)
    at Module.load (internal/modules/cjs/loader.js:928:32)
    at Function.Module._load (internal/modules/cjs/loader.js:769:14)
    at Module.require (internal/modules/cjs/loader.js:952:19)
    at require (internal/modules/cjs/helpers.js:88:18)
    at C:\Users\TungNT2K\Desktop\MONSTER\base-colyseus-server\node_modules\typeorm\util\DirectoryExportedClassesLoader.js:42:39
    at Array.map (<anonymous>)
    at Object.importClassesFromDirectories (C:\Users\TungNT2K\Desktop\MONSTER\base-colyseus-server\node_modules\typeorm\util\DirectoryExportedClassesLoader.js:42:10)
[2021-04-26T14:50:11.697] [ERROR] index - C:\Users\TungNT2K\Desktop\MONSTER\base-colyseus-server\src\entity\index.ts:1
export * from './PlayerPvp';
^^^^^^

SyntaxError: Unexpected token 'export'
    at wrapSafe (internal/modules/cjs/loader.js:979:16)
    at Module._compile (internal/modules/cjs/loader.js:1027:27)
    at Object.Module._extensions..js (internal/modules/cjs/loader.js:1092:10)
    at Module.load (internal/modules/cjs/loader.js:928:32)
    at Function.Module._load (internal/modules/cjs/loader.js:769:14)
    at Module.require (internal/modules/cjs/loader.js:952:19)
    at require (internal/modules/cjs/helpers.js:88:18)
    at C:\Users\TungNT2K\Desktop\MONSTER\base-colyseus-server\node_modules\typeorm\util\DirectoryExportedClassesLoader.js:42:39
    at Array.map (<anonymous>)
    at Object.importClassesFromDirectories (C:\Users\TungNT2K\Desktop\MONSTER\base-colyseus-server\node_modules\typeorm\util\DirectoryExportedClassesLoader.js:42:10)
[2021-04-26T16:02:54.725] [ERROR] Custom lobby room - RepositoryNotFoundError: No repository for "PlayerPvpEntity" was found. Looks like this entity is not registered in current "default" connection?
    at new RepositoryNotFoundError (C:\Users\TungNT2K\Desktop\MONSTER\base-colyseus-server\node_modules\typeorm\error\RepositoryNotFoundError.js:12:28)
    at EntityManager.getRepository (C:\Users\TungNT2K\Desktop\MONSTER\base-colyseus-server\node_modules\typeorm\entity-manager\EntityManager.js:650:19)
    at Connection.getRepository (C:\Users\TungNT2K\Desktop\MONSTER\base-colyseus-server\node_modules\typeorm\connection\Connection.js:368:29)
    at GetBattlefieldScoreOnJoin.getBFScoreAsync (C:\Users\TungNT2K\Desktop\MONSTER\base-colyseus-server\lib\rooms\CustomLobbyRoom\modules\GetBattlefieldScoreOnJoin.js:19:67)
    at EventEmitter.GetBattlefieldScoreOnJoin.getBFScore (C:\Users\TungNT2K\Desktop\MONSTER\base-colyseus-server\lib\rooms\CustomLobbyRoom\modules\GetBattlefieldScoreOnJoin.js:54:59)
    at EventEmitter.emit (events.js:327:22)
    at CustomLobbyRoom.onJoin (C:\Users\TungNT2K\Desktop\MONSTER\base-colyseus-server\lib\rooms\BaseRoom.js:20:21)
    at CustomLobbyRoom.onJoin (C:\Users\TungNT2K\Desktop\MONSTER\base-colyseus-server\lib\rooms\CustomLobbyRoom\CustomLobbyRoom.js:41:15)
    at CustomLobbyRoom.<anonymous> (C:\Users\TungNT2K\Desktop\MONSTER\base-colyseus-server\node_modules\colyseus\lib\Room.js:261:36)
    at Generator.next (<anonymous>)
[2021-04-26T16:02:54.730] [ERROR] Custom lobby room - RepositoryNotFoundError: No repository for "PlayerPvpHistoryEntity" was found. Looks like this entity is not registered in current "default" connection?
    at new RepositoryNotFoundError (C:\Users\TungNT2K\Desktop\MONSTER\base-colyseus-server\node_modules\typeorm\error\RepositoryNotFoundError.js:12:28)
    at EntityManager.getRepository (C:\Users\TungNT2K\Desktop\MONSTER\base-colyseus-server\node_modules\typeorm\entity-manager\EntityManager.js:650:19)
    at Connection.getRepository (C:\Users\TungNT2K\Desktop\MONSTER\base-colyseus-server\node_modules\typeorm\connection\Connection.js:368:29)
    at EventEmitter.CacheBossRaceHistoryOnJoin.cacheHistory (C:\Users\TungNT2K\Desktop\MONSTER\base-colyseus-server\lib\rooms\CustomLobbyRoom\modules\CacheBossRaceHistoryOnJoin.js:36:65)
    at EventEmitter.emit (events.js:327:22)
    at CustomLobbyRoom.onJoin (C:\Users\TungNT2K\Desktop\MONSTER\base-colyseus-server\lib\rooms\BaseRoom.js:20:21)
    at CustomLobbyRoom.onJoin (C:\Users\TungNT2K\Desktop\MONSTER\base-colyseus-server\lib\rooms\CustomLobbyRoom\CustomLobbyRoom.js:41:15)
    at CustomLobbyRoom.<anonymous> (C:\Users\TungNT2K\Desktop\MONSTER\base-colyseus-server\node_modules\colyseus\lib\Room.js:261:36)
    at Generator.next (<anonymous>)
    at fulfilled (C:\Users\TungNT2K\Desktop\MONSTER\base-colyseus-server\node_modules\colyseus\lib\Room.js:5:58)
[2021-04-26T16:06:31.955] [ERROR] Custom lobby room - RepositoryNotFoundError: No repository for "PlayerPvpEntity" was found. Looks like this entity is not registered in current "default" connection?
    at new RepositoryNotFoundError (C:\Users\TungNT2K\Desktop\MONSTER\base-colyseus-server\node_modules\typeorm\error\RepositoryNotFoundError.js:12:28)
    at EntityManager.getRepository (C:\Users\TungNT2K\Desktop\MONSTER\base-colyseus-server\node_modules\typeorm\entity-manager\EntityManager.js:650:19)
    at Connection.getRepository (C:\Users\TungNT2K\Desktop\MONSTER\base-colyseus-server\node_modules\typeorm\connection\Connection.js:368:29)
    at GetBattlefieldScoreOnJoin.getBFScoreAsync (C:\Users\TungNT2K\Desktop\MONSTER\base-colyseus-server\lib\rooms\CustomLobbyRoom\modules\GetBattlefieldScoreOnJoin.js:19:67)
    at EventEmitter.GetBattlefieldScoreOnJoin.getBFScore (C:\Users\TungNT2K\Desktop\MONSTER\base-colyseus-server\lib\rooms\CustomLobbyRoom\modules\GetBattlefieldScoreOnJoin.js:54:59)
    at EventEmitter.emit (events.js:327:22)
    at CustomLobbyRoom.onJoin (C:\Users\TungNT2K\Desktop\MONSTER\base-colyseus-server\lib\rooms\BaseRoom.js:20:21)
    at CustomLobbyRoom.onJoin (C:\Users\TungNT2K\Desktop\MONSTER\base-colyseus-server\lib\rooms\CustomLobbyRoom\CustomLobbyRoom.js:41:15)
    at CustomLobbyRoom.<anonymous> (C:\Users\TungNT2K\Desktop\MONSTER\base-colyseus-server\node_modules\colyseus\lib\Room.js:261:36)
    at Generator.next (<anonymous>)
[2021-04-26T16:06:31.959] [ERROR] Custom lobby room - RepositoryNotFoundError: No repository for "PlayerPvpHistoryEntity" was found. Looks like this entity is not registered in current "default" connection?
    at new RepositoryNotFoundError (C:\Users\TungNT2K\Desktop\MONSTER\base-colyseus-server\node_modules\typeorm\error\RepositoryNotFoundError.js:12:28)
    at EntityManager.getRepository (C:\Users\TungNT2K\Desktop\MONSTER\base-colyseus-server\node_modules\typeorm\entity-manager\EntityManager.js:650:19)
    at Connection.getRepository (C:\Users\TungNT2K\Desktop\MONSTER\base-colyseus-server\node_modules\typeorm\connection\Connection.js:368:29)
    at EventEmitter.CacheBossRaceHistoryOnJoin.cacheHistory (C:\Users\TungNT2K\Desktop\MONSTER\base-colyseus-server\lib\rooms\CustomLobbyRoom\modules\CacheBossRaceHistoryOnJoin.js:36:65)
    at EventEmitter.emit (events.js:327:22)
    at CustomLobbyRoom.onJoin (C:\Users\TungNT2K\Desktop\MONSTER\base-colyseus-server\lib\rooms\BaseRoom.js:20:21)
    at CustomLobbyRoom.onJoin (C:\Users\TungNT2K\Desktop\MONSTER\base-colyseus-server\lib\rooms\CustomLobbyRoom\CustomLobbyRoom.js:41:15)
    at CustomLobbyRoom.<anonymous> (C:\Users\TungNT2K\Desktop\MONSTER\base-colyseus-server\node_modules\colyseus\lib\Room.js:261:36)
    at Generator.next (<anonymous>)
    at fulfilled (C:\Users\TungNT2K\Desktop\MONSTER\base-colyseus-server\node_modules\colyseus\lib\Room.js:5:58)
[2021-04-26T16:08:32.883] [ERROR] index - C:\Users\TungNT2K\Desktop\MONSTER\base-colyseus-server\src\entity\PlayerPvp.ts:1
import {
^^^^^^

SyntaxError: Cannot use import statement outside a module
    at wrapSafe (internal/modules/cjs/loader.js:979:16)
    at Module._compile (internal/modules/cjs/loader.js:1027:27)
    at Object.Module._extensions..js (internal/modules/cjs/loader.js:1092:10)
    at Module.load (internal/modules/cjs/loader.js:928:32)
    at Function.Module._load (internal/modules/cjs/loader.js:769:14)
    at Module.require (internal/modules/cjs/loader.js:952:19)
    at require (internal/modules/cjs/helpers.js:88:18)
    at C:\Users\TungNT2K\Desktop\MONSTER\base-colyseus-server\node_modules\typeorm\util\DirectoryExportedClassesLoader.js:42:39
    at Array.map (<anonymous>)
    at Object.importClassesFromDirectories (C:\Users\TungNT2K\Desktop\MONSTER\base-colyseus-server\node_modules\typeorm\util\DirectoryExportedClassesLoader.js:42:10)
[2021-04-26T16:09:04.327] [ERROR] index - C:\Users\TungNT2K\Desktop\MONSTER\base-colyseus-server\src\entity\PlayerPvp.ts:1
import {
^^^^^^

SyntaxError: Cannot use import statement outside a module
    at wrapSafe (internal/modules/cjs/loader.js:979:16)
    at Module._compile (internal/modules/cjs/loader.js:1027:27)
    at Object.Module._extensions..js (internal/modules/cjs/loader.js:1092:10)
    at Module.load (internal/modules/cjs/loader.js:928:32)
    at Function.Module._load (internal/modules/cjs/loader.js:769:14)
    at Module.require (internal/modules/cjs/loader.js:952:19)
    at require (internal/modules/cjs/helpers.js:88:18)
    at C:\Users\TungNT2K\Desktop\MONSTER\base-colyseus-server\node_modules\typeorm\util\DirectoryExportedClassesLoader.js:42:39
    at Array.map (<anonymous>)
    at Object.importClassesFromDirectories (C:\Users\TungNT2K\Desktop\MONSTER\base-colyseus-server\node_modules\typeorm\util\DirectoryExportedClassesLoader.js:42:10)
[2021-04-26T16:09:49.838] [ERROR] index - C:\Users\TungNT2K\Desktop\MONSTER\base-colyseus-server\src\entity\PlayerPvp.ts:1
import {
^^^^^^

SyntaxError: Cannot use import statement outside a module
    at wrapSafe (internal/modules/cjs/loader.js:979:16)
    at Module._compile (internal/modules/cjs/loader.js:1027:27)
    at Object.Module._extensions..js (internal/modules/cjs/loader.js:1092:10)
    at Module.load (internal/modules/cjs/loader.js:928:32)
    at Function.Module._load (internal/modules/cjs/loader.js:769:14)
    at Module.require (internal/modules/cjs/loader.js:952:19)
    at require (internal/modules/cjs/helpers.js:88:18)
    at C:\Users\TungNT2K\Desktop\MONSTER\base-colyseus-server\node_modules\typeorm\util\DirectoryExportedClassesLoader.js:42:39
    at Array.map (<anonymous>)
    at Object.importClassesFromDirectories (C:\Users\TungNT2K\Desktop\MONSTER\base-colyseus-server\node_modules\typeorm\util\DirectoryExportedClassesLoader.js:42:10)
[2021-04-26T16:09:58.490] [ERROR] index - C:\Users\TungNT2K\Desktop\MONSTER\base-colyseus-server\src\entity\PlayerPvp.ts:1
import {
^^^^^^

SyntaxError: Cannot use import statement outside a module
    at wrapSafe (internal/modules/cjs/loader.js:979:16)
    at Module._compile (internal/modules/cjs/loader.js:1027:27)
    at Object.Module._extensions..js (internal/modules/cjs/loader.js:1092:10)
    at Module.load (internal/modules/cjs/loader.js:928:32)
    at Function.Module._load (internal/modules/cjs/loader.js:769:14)
    at Module.require (internal/modules/cjs/loader.js:952:19)
    at require (internal/modules/cjs/helpers.js:88:18)
    at C:\Users\TungNT2K\Desktop\MONSTER\base-colyseus-server\node_modules\typeorm\util\DirectoryExportedClassesLoader.js:42:39
    at Array.map (<anonymous>)
    at Object.importClassesFromDirectories (C:\Users\TungNT2K\Desktop\MONSTER\base-colyseus-server\node_modules\typeorm\util\DirectoryExportedClassesLoader.js:42:10)
[2021-04-26T16:12:17.384] [ERROR] index - C:\Users\TungNT2K\Desktop\MONSTER\base-colyseus-server\src\entity\PlayerPvp.ts:1
import {
^^^^^^

SyntaxError: Cannot use import statement outside a module
    at wrapSafe (internal/modules/cjs/loader.js:979:16)
    at Module._compile (internal/modules/cjs/loader.js:1027:27)
    at Object.Module._extensions..js (internal/modules/cjs/loader.js:1092:10)
    at Module.load (internal/modules/cjs/loader.js:928:32)
    at Function.Module._load (internal/modules/cjs/loader.js:769:14)
    at Module.require (internal/modules/cjs/loader.js:952:19)
    at require (internal/modules/cjs/helpers.js:88:18)
    at C:\Users\TungNT2K\Desktop\MONSTER\base-colyseus-server\node_modules\typeorm\util\DirectoryExportedClassesLoader.js:42:39
    at Array.map (<anonymous>)
    at Object.importClassesFromDirectories (C:\Users\TungNT2K\Desktop\MONSTER\base-colyseus-server\node_modules\typeorm\util\DirectoryExportedClassesLoader.js:42:10)
[2021-04-26T16:13:09.930] [ERROR] index - C:\Users\TungNT2K\Desktop\MONSTER\base-colyseus-server\src\entity\PlayerPvp.ts:1
import {
^^^^^^

SyntaxError: Cannot use import statement outside a module
    at wrapSafe (internal/modules/cjs/loader.js:979:16)
    at Module._compile (internal/modules/cjs/loader.js:1027:27)
    at Object.Module._extensions..js (internal/modules/cjs/loader.js:1092:10)
    at Module.load (internal/modules/cjs/loader.js:928:32)
    at Function.Module._load (internal/modules/cjs/loader.js:769:14)
    at Module.require (internal/modules/cjs/loader.js:952:19)
    at require (internal/modules/cjs/helpers.js:88:18)
    at C:\Users\TungNT2K\Desktop\MONSTER\base-colyseus-server\node_modules\typeorm\util\DirectoryExportedClassesLoader.js:42:39
    at Array.map (<anonymous>)
    at Object.importClassesFromDirectories (C:\Users\TungNT2K\Desktop\MONSTER\base-colyseus-server\node_modules\typeorm\util\DirectoryExportedClassesLoader.js:42:10)
[2021-04-26T16:16:36.598] [ERROR] index - ReferenceError: join is not defined
    at Object.<anonymous> (C:\Users\TungNT2K\Desktop\MONSTER\base-colyseus-server\ormconfig.js:13:13)
    at Module._compile (internal/modules/cjs/loader.js:1063:30)
    at Object.Module._extensions..js (internal/modules/cjs/loader.js:1092:10)
    at Module.load (internal/modules/cjs/loader.js:928:32)
    at Function.Module._load (internal/modules/cjs/loader.js:769:14)
    at Module.require (internal/modules/cjs/loader.js:952:19)
    at require (internal/modules/cjs/helpers.js:88:18)
    at ConnectionOptionsReader.<anonymous> (C:\Users\TungNT2K\Desktop\MONSTER\base-colyseus-server\node_modules\typeorm\connection\ConnectionOptionsReader.js:118:46)
    at step (C:\Users\TungNT2K\Desktop\MONSTER\base-colyseus-server\node_modules\tslib\tslib.js:143:27)
    at Object.next (C:\Users\TungNT2K\Desktop\MONSTER\base-colyseus-server\node_modules\tslib\tslib.js:124:57)
[2021-04-26T16:17:04.661] [ERROR] index - C:\Users\TungNT2K\Desktop\MONSTER\base-colyseus-server\src\entity\PlayerPvp.ts:1
import {
^^^^^^

SyntaxError: Cannot use import statement outside a module
    at wrapSafe (internal/modules/cjs/loader.js:979:16)
    at Module._compile (internal/modules/cjs/loader.js:1027:27)
    at Object.Module._extensions..js (internal/modules/cjs/loader.js:1092:10)
    at Module.load (internal/modules/cjs/loader.js:928:32)
    at Function.Module._load (internal/modules/cjs/loader.js:769:14)
    at Module.require (internal/modules/cjs/loader.js:952:19)
    at require (internal/modules/cjs/helpers.js:88:18)
    at C:\Users\TungNT2K\Desktop\MONSTER\base-colyseus-server\node_modules\typeorm\util\DirectoryExportedClassesLoader.js:42:39
    at Array.map (<anonymous>)
    at Object.importClassesFromDirectories (C:\Users\TungNT2K\Desktop\MONSTER\base-colyseus-server\node_modules\typeorm\util\DirectoryExportedClassesLoader.js:42:10)
[2021-04-26T16:17:41.907] [ERROR] Custom lobby room - QueryFailedError: Table 'imo.player_pvp' doesn't exist
    at new QueryFailedError (C:\Users\TungNT2K\Desktop\MONSTER\base-colyseus-server\node_modules\typeorm\error\QueryFailedError.js:12:28)
    at Query.onResult (C:\Users\TungNT2K\Desktop\MONSTER\base-colyseus-server\node_modules\typeorm\driver\mysql\MysqlQueryRunner.js:217:45)
    at Query.execute (C:\Users\TungNT2K\Desktop\MONSTER\base-colyseus-server\node_modules\mysql2\lib\commands\command.js:30:14)
    at PoolConnection.handlePacket (C:\Users\TungNT2K\Desktop\MONSTER\base-colyseus-server\node_modules\mysql2\lib\connection.js:425:32)
    at PacketParser.onPacket (C:\Users\TungNT2K\Desktop\MONSTER\base-colyseus-server\node_modules\mysql2\lib\connection.js:75:12)
    at PacketParser.executeStart (C:\Users\TungNT2K\Desktop\MONSTER\base-colyseus-server\node_modules\mysql2\lib\packet_parser.js:75:16)
    at Socket.<anonymous> (C:\Users\TungNT2K\Desktop\MONSTER\base-colyseus-server\node_modules\mysql2\lib\connection.js:82:25)
    at Socket.emit (events.js:315:20)
    at addChunk (internal/streams/readable.js:309:12)
    at readableAddChunk (internal/streams/readable.js:284:9) {
  code: 'ER_NO_SUCH_TABLE',
  errno: 1146,
  sqlState: '42S02',
  sqlMessage: "Table 'imo.player_pvp' doesn't exist",
  query: 'SELECT `PlayerPvpEntity`.`player_id` AS `PlayerPvpEntity_player_id`, `PlayerPvpEntity`.`battlefield_score` AS `PlayerPvpEntity_battlefield_score`, `PlayerPvpEntity`.`created_at` AS `PlayerPvpEntity_created_at`, `PlayerPvpEntity`.`updated_at` AS `PlayerPvpEntity_updated_at` FROM `player_pvp` `PlayerPvpEntity` WHERE `PlayerPvpEntity`.`player_id` = ? LIMIT 1',
  parameters: [ 1 ]
}
[2021-04-26T16:17:41.922] [ERROR] Custom lobby room - QueryFailedError: Unknown column 'PlayerPvpHistoryEntity.match_id' in 'field list'
    at new QueryFailedError (C:\Users\TungNT2K\Desktop\MONSTER\base-colyseus-server\node_modules\typeorm\error\QueryFailedError.js:12:28)
    at Query.onResult (C:\Users\TungNT2K\Desktop\MONSTER\base-colyseus-server\node_modules\typeorm\driver\mysql\MysqlQueryRunner.js:217:45)
    at Query.execute (C:\Users\TungNT2K\Desktop\MONSTER\base-colyseus-server\node_modules\mysql2\lib\commands\command.js:30:14)
    at PoolConnection.handlePacket (C:\Users\TungNT2K\Desktop\MONSTER\base-colyseus-server\node_modules\mysql2\lib\connection.js:425:32)
    at PacketParser.onPacket (C:\Users\TungNT2K\Desktop\MONSTER\base-colyseus-server\node_modules\mysql2\lib\connection.js:75:12)
    at PacketParser.executeStart (C:\Users\TungNT2K\Desktop\MONSTER\base-colyseus-server\node_modules\mysql2\lib\packet_parser.js:75:16)
    at Socket.<anonymous> (C:\Users\TungNT2K\Desktop\MONSTER\base-colyseus-server\node_modules\mysql2\lib\connection.js:82:25)
    at Socket.emit (events.js:315:20)
    at addChunk (internal/streams/readable.js:309:12)
    at readableAddChunk (internal/streams/readable.js:284:9) {
  code: 'ER_BAD_FIELD_ERROR',
  errno: 1054,
  sqlState: '42S22',
  sqlMessage: "Unknown column 'PlayerPvpHistoryEntity.match_id' in 'field list'",
  query: 'SELECT `PlayerPvpHistoryEntity`.`match_id` AS `PlayerPvpHistoryEntity_match_id`, `PlayerPvpHistoryEntity`.`player_id` AS `PlayerPvpHistoryEntity_player_id`, `PlayerPvpHistoryEntity`.`mode` AS `PlayerPvpHistoryEntity_mode`, `PlayerPvpHistoryEntity`.`score` AS `PlayerPvpHistoryEntity_score`, `PlayerPvpHistoryEntity`.`result` AS `PlayerPvpHistoryEntity_result`, `PlayerPvpHistoryEntity`.`created_at` AS `PlayerPvpHistoryEntity_created_at` FROM `player_pvp_history` `PlayerPvpHistoryEntity` WHERE `PlayerPvpHistoryEntity`.`player_id` = ? AND `PlayerPvpHistoryEntity`.`mode` = ? ORDER BY `PlayerPvpHistoryEntity`.`created_at` DESC LIMIT 1',
  parameters: [ 1, 'BossRace' ]
}
[2021-04-26T16:20:41.138] [ERROR] Custom lobby room - QueryFailedError: Unknown column 'PlayerPvpHistoryEntity.match_id' in 'field list'
    at new QueryFailedError (C:\Users\TungNT2K\Desktop\MONSTER\base-colyseus-server\node_modules\typeorm\error\QueryFailedError.js:12:28)
    at Query.onResult (C:\Users\TungNT2K\Desktop\MONSTER\base-colyseus-server\node_modules\typeorm\driver\mysql\MysqlQueryRunner.js:217:45)
    at Query.execute (C:\Users\TungNT2K\Desktop\MONSTER\base-colyseus-server\node_modules\mysql2\lib\commands\command.js:30:14)
    at PoolConnection.handlePacket (C:\Users\TungNT2K\Desktop\MONSTER\base-colyseus-server\node_modules\mysql2\lib\connection.js:425:32)
    at PacketParser.onPacket (C:\Users\TungNT2K\Desktop\MONSTER\base-colyseus-server\node_modules\mysql2\lib\connection.js:75:12)
    at PacketParser.executeStart (C:\Users\TungNT2K\Desktop\MONSTER\base-colyseus-server\node_modules\mysql2\lib\packet_parser.js:75:16)
    at Socket.<anonymous> (C:\Users\TungNT2K\Desktop\MONSTER\base-colyseus-server\node_modules\mysql2\lib\connection.js:82:25)
    at Socket.emit (events.js:315:20)
    at addChunk (internal/streams/readable.js:309:12)
    at readableAddChunk (internal/streams/readable.js:284:9) {
  code: 'ER_BAD_FIELD_ERROR',
  errno: 1054,
  sqlState: '42S22',
  sqlMessage: "Unknown column 'PlayerPvpHistoryEntity.match_id' in 'field list'",
  query: 'SELECT `PlayerPvpHistoryEntity`.`match_id` AS `PlayerPvpHistoryEntity_match_id`, `PlayerPvpHistoryEntity`.`player_id` AS `PlayerPvpHistoryEntity_player_id`, `PlayerPvpHistoryEntity`.`mode` AS `PlayerPvpHistoryEntity_mode`, `PlayerPvpHistoryEntity`.`score` AS `PlayerPvpHistoryEntity_score`, `PlayerPvpHistoryEntity`.`result` AS `PlayerPvpHistoryEntity_result`, `PlayerPvpHistoryEntity`.`created_at` AS `PlayerPvpHistoryEntity_created_at` FROM `player_pvp_history` `PlayerPvpHistoryEntity` WHERE `PlayerPvpHistoryEntity`.`player_id` = ? AND `PlayerPvpHistoryEntity`.`mode` = ? ORDER BY `PlayerPvpHistoryEntity`.`created_at` DESC LIMIT 1',
  parameters: [ 1, 'BossRace' ]
}
[2021-04-26T16:21:09.866] [ERROR] Custom lobby room - QueryFailedError: Unknown column 'PlayerPvpHistoryEntity.match_id' in 'field list'
    at new QueryFailedError (C:\Users\TungNT2K\Desktop\MONSTER\base-colyseus-server\node_modules\typeorm\error\QueryFailedError.js:12:28)
    at Query.onResult (C:\Users\TungNT2K\Desktop\MONSTER\base-colyseus-server\node_modules\typeorm\driver\mysql\MysqlQueryRunner.js:217:45)
    at Query.execute (C:\Users\TungNT2K\Desktop\MONSTER\base-colyseus-server\node_modules\mysql2\lib\commands\command.js:30:14)
    at PoolConnection.handlePacket (C:\Users\TungNT2K\Desktop\MONSTER\base-colyseus-server\node_modules\mysql2\lib\connection.js:425:32)
    at PacketParser.onPacket (C:\Users\TungNT2K\Desktop\MONSTER\base-colyseus-server\node_modules\mysql2\lib\connection.js:75:12)
    at PacketParser.executeStart (C:\Users\TungNT2K\Desktop\MONSTER\base-colyseus-server\node_modules\mysql2\lib\packet_parser.js:75:16)
    at Socket.<anonymous> (C:\Users\TungNT2K\Desktop\MONSTER\base-colyseus-server\node_modules\mysql2\lib\connection.js:82:25)
    at Socket.emit (events.js:315:20)
    at addChunk (internal/streams/readable.js:309:12)
    at readableAddChunk (internal/streams/readable.js:284:9) {
  code: 'ER_BAD_FIELD_ERROR',
  errno: 1054,
  sqlState: '42S22',
  sqlMessage: "Unknown column 'PlayerPvpHistoryEntity.match_id' in 'field list'",
  query: 'SELECT `PlayerPvpHistoryEntity`.`match_id` AS `PlayerPvpHistoryEntity_match_id`, `PlayerPvpHistoryEntity`.`player_id` AS `PlayerPvpHistoryEntity_player_id`, `PlayerPvpHistoryEntity`.`mode` AS `PlayerPvpHistoryEntity_mode`, `PlayerPvpHistoryEntity`.`score` AS `PlayerPvpHistoryEntity_score`, `PlayerPvpHistoryEntity`.`result` AS `PlayerPvpHistoryEntity_result`, `PlayerPvpHistoryEntity`.`created_at` AS `PlayerPvpHistoryEntity_created_at` FROM `player_pvp_history` `PlayerPvpHistoryEntity` WHERE `PlayerPvpHistoryEntity`.`player_id` = ? AND `PlayerPvpHistoryEntity`.`mode` = ? ORDER BY `PlayerPvpHistoryEntity`.`created_at` DESC LIMIT 1',
  parameters: [ 1, 'BossRace' ]
}
